<?xml version="1.0" encoding="UTF-8"?>
<!-- Generated by org.testng.reporters.JUnitReportReporter -->
<testsuite hostname="DESKTOP-H5CHME6" failures="0" tests="2" name="ROCLoginrunner.CucumberRunnerTests" time="52.538" errors="1" timestamp="2023-01-26T00:54:21 IST" skipped="0">
  <testcase classname="ROCLoginrunner.CucumberRunnerTests" name="runScenario" time="26.480"/>
  <system-out/>
  <testcase classname="ROCLoginrunner.CucumberRunnerTests" name="runScenario" time="26.058">
    <error message="Unable to find element with locator By.xpath: //*[@id=&quot;root&quot;]/div/div/div/div/div/div/div/div/form/div[2]/input
For documentation on this error, please visit: https://selenium.dev/exceptions/#no_such_element
Build info: version: &#039;4.8.0&#039;, revision: &#039;267030adea&#039;
System info: os.name: &#039;Windows 10&#039;, os.arch: &#039;amd64&#039;, os.version: &#039;10.0&#039;, java.version: &#039;18.0.2.1&#039;
Driver info: driver.version: RemoteWebDriver" type="org.openqa.selenium.NoSuchElementException">
      <![CDATA[org.openqa.selenium.NoSuchElementException: Unable to find element with locator By.xpath: //*[@id="root"]/div/div/div/div/div/div/div/div/form/div[2]/input
For documentation on this error, please visit: https://selenium.dev/exceptions/#no_such_element
Build info: version: '4.8.0', revision: '267030adea'
System info: os.name: 'Windows 10', os.arch: 'amd64', os.version: '10.0', java.version: '18.0.2.1'
Driver info: driver.version: RemoteWebDriver
at org.openqa.selenium.remote.ElementLocation$ElementFinder$2.findElement(ElementLocation.java:165)
at org.openqa.selenium.remote.ElementLocation.findElement(ElementLocation.java:60)
at org.openqa.selenium.remote.RemoteWebDriver.findElement(RemoteWebDriver.java:352)
at org.openqa.selenium.remote.RemoteWebDriver.findElement(RemoteWebDriver.java:344)
at ROCLogin.LogintoappROC.user_enters_username_as_and_password_as(LogintoappROC.java:53)
at âœ½.User enters username as "prithwirajroc@" and password as "Mylogin@123"(file:///C:/ROC/ROCCloud/src/test/resources/login.feature:7)
]]>
    </error>
  </testcase> <!-- runScenario -->
  <system-out/>
</testsuite> <!-- ROCLoginrunner.CucumberRunnerTests -->
